
SQL*Loader: Release 21.0.0.0.0 - Production on Thu Jul 28 09:45:53 2022
Version 21.3.0.0.0

Copyright (c) 1982, 2021, Oracle and/or its affiliates.  All rights reserved.

Control File:   ctrl_files\rok_szkolny.ctl
Data File:      csv\rok_szkolny.csv
  Bad File:     ctrl_files\rok_szkolny.bad
  Discard File:  none specified
 
 (Allow all discards)

Number to load: ALL
Number to skip: 0
Errors allowed: 50
Bind array:     250 rows, maximum of 1048576 bytes
Continuation:    none specified
Path used:      Conventional

Table ROK_SZKOLNY, loaded from every logical record.
Insert option in effect for this table: APPEND
TRAILING NULLCOLS option in effect

   Column Name                  Position   Len  Term Encl Datatype
------------------------------ ---------- ----- ---- ---- ---------------------
DATA_ROZPOCZECIA                    FIRST     *   ,       DATE DDMMYYYY        
DATA_ZAKONCZENIA                     NEXT     *   ,       DATE DDMMYYYY        


Table ROK_SZKOLNY:
  9 Rows successfully loaded.
  0 Rows not loaded due to data errors.
  0 Rows not loaded because all WHEN clauses were failed.
  0 Rows not loaded because all fields were null.


Space allocated for bind array:                 129000 bytes(250 rows)
Read   buffer bytes: 1048576

Total logical records skipped:          0
Total logical records read:             9
Total logical records rejected:         0
Total logical records discarded:        0

Run began on Thu Jul 28 09:45:53 2022
Run ended on Thu Jul 28 09:45:56 2022

Elapsed time was:     00:00:03.72
CPU time was:         00:00:00.20
